<!DOCTYPE beans PUBLIC '-//SPRING//DTD BEAN//EN' 'http://www.springframework.org/dtd/spring-beans.dtd'>

<beans>
	<import resource="classpath:test-context.xml" />
	<import
		resource="classpath:alfresco/module/${artifactId}/context/service-context.xml" />
</beans>